2025-11-03T11:36:16.255+07:00  INFO 7556 --- [anthengaudio] [restartedMain] c.a.backend.BackendApplication           : Starting BackendApplication using Java 17.0.12 with PID 7556 (C:\athengaudio\angthengaudio-backend\backend\target\classes started by atheng in C:\athengaudio\angthengaudio-backend\backend)
2025-11-03T11:36:16.259+07:00  INFO 7556 --- [anthengaudio] [restartedMain] c.a.backend.BackendApplication           : No active profile set, falling back to 1 default profile: "default"
2025-11-03T11:36:16.330+07:00  INFO 7556 --- [anthengaudio] [restartedMain] .e.DevToolsPropertyDefaultsPostProcessor : Devtools property defaults active! Set 'spring.devtools.add-properties' to 'false' to disable
2025-11-03T11:36:16.332+07:00  INFO 7556 --- [anthengaudio] [restartedMain] .e.DevToolsPropertyDefaultsPostProcessor : For additional web related logging consider setting the 'logging.level.web' property to 'DEBUG'
2025-11-03T11:36:17.300+07:00  INFO 7556 --- [anthengaudio] [restartedMain] .s.d.r.c.RepositoryConfigurationDelegate : Bootstrapping Spring Data MongoDB repositories in DEFAULT mode.
2025-11-03T11:36:17.323+07:00  INFO 7556 --- [anthengaudio] [restartedMain] .s.d.r.c.RepositoryConfigurationDelegate : Finished Spring Data repository scanning in 16 ms. Found 0 MongoDB repository interfaces.
2025-11-03T11:36:18.109+07:00  INFO 7556 --- [anthengaudio] [restartedMain] o.s.b.w.embedded.tomcat.TomcatWebServer  : Tomcat initialized with port 8080 (http)
2025-11-03T11:36:18.134+07:00  INFO 7556 --- [anthengaudio] [restartedMain] o.apache.catalina.core.StandardService   : Starting service [Tomcat]
2025-11-03T11:36:18.134+07:00  INFO 7556 --- [anthengaudio] [restartedMain] o.apache.catalina.core.StandardEngine    : Starting Servlet engine: [Apache Tomcat/10.1.48]
2025-11-03T11:36:18.182+07:00  INFO 7556 --- [anthengaudio] [restartedMain] o.a.c.c.C.[Tomcat].[localhost].[/api]    : Initializing Spring embedded WebApplicationContext
2025-11-03T11:36:18.183+07:00  INFO 7556 --- [anthengaudio] [restartedMain] w.s.c.ServletWebServerApplicationContext : Root WebApplicationContext: initialization completed in 1849 ms
2025-11-03T11:36:18.865+07:00  INFO 7556 --- [anthengaudio] [restartedMain] org.mongodb.driver.client                : MongoClient with metadata {"driver": {"name": "mongo-java-driver|sync|spring-boot", "version": "5.5.2"}, "os": {"type": "Windows", "name": "Windows 11", "architecture": "amd64", "version": "10.0"}, "platform": "Java/Oracle Corporation/17.0.12+8-LTS-286"} created with settings MongoClientSettings{readPreference=primary, writeConcern=WriteConcern{w=null, wTimeout=null ms, journal=null}, retryWrites=true, retryReads=true, readConcern=ReadConcern{level=null}, credential=null, transportSettings=null, commandListeners=[], codecRegistry=ProvidersCodecRegistry{codecProviders=[ValueCodecProvider{}, BsonValueCodecProvider{}, DBRefCodecProvider{}, DBObjectCodecProvider{}, DocumentCodecProvider{}, CollectionCodecProvider{}, IterableCodecProvider{}, MapCodecProvider{}, GeoJsonCodecProvider{}, GridFSFileCodecProvider{}, Jsr310CodecProvider{}, JsonObjectCodecProvider{}, BsonCodecProvider{}, EnumCodecProvider{}, com.mongodb.client.model.mql.ExpressionCodecProvider@32e321e7, com.mongodb.Jep395RecordCodecProvider@a3c0a95, com.mongodb.KotlinCodecProvider@213cf3e]}, loggerSettings=LoggerSettings{maxDocumentLength=1000}, clusterSettings={hosts=[localhost:27017], srvServiceName=mongodb, mode=SINGLE, requiredClusterType=UNKNOWN, requiredReplicaSetName='null', serverSelector='null', clusterListeners='[]', serverSelectionTimeout='30000 ms', localThreshold='15 ms'}, socketSettings=SocketSettings{connectTimeoutMS=10000, readTimeoutMS=0, receiveBufferSize=0, proxySettings=ProxySettings{host=null, port=null, username=null, password=null}}, heartbeatSocketSettings=SocketSettings{connectTimeoutMS=10000, readTimeoutMS=10000, receiveBufferSize=0, proxySettings=ProxySettings{host=null, port=null, username=null, password=null}}, connectionPoolSettings=ConnectionPoolSettings{maxSize=100, minSize=0, maxWaitTimeMS=120000, maxConnectionLifeTimeMS=0, maxConnectionIdleTimeMS=0, maintenanceInitialDelayMS=0, maintenanceFrequencyMS=60000, connectionPoolListeners=[], maxConnecting=2}, serverSettings=ServerSettings{heartbeatFrequencyMS=10000, minHeartbeatFrequencyMS=500, serverMonitoringMode=AUTO, serverListeners='[]', serverMonitorListeners='[]'}, sslSettings=SslSettings{enabled=false, invalidHostNameAllowed=false, context=null}, applicationName='null', compressorList=[], uuidRepresentation=JAVA_LEGACY, serverApi=null, autoEncryptionSettings=null, dnsClient=null, inetAddressResolver=null, contextProvider=null, timeoutMS=null}
2025-11-03T11:36:18.987+07:00  INFO 7556 --- [anthengaudio] [cluster-ClusterId{value='69083142425ef7696d352af3', description='null'}-localhost:27017] org.mongodb.driver.cluster               : Monitor thread successfully connected to server with description ServerDescription{address=localhost:27017, type=STANDALONE, cryptd=false, state=CONNECTED, ok=true, minWireVersion=0, maxWireVersion=27, maxDocumentSize=16777216, logicalSessionTimeoutMinutes=30, roundTripTimeNanos=96175800, minRoundTripTimeNanos=0}
2025-11-03T11:36:19.361+07:00  WARN 7556 --- [anthengaudio] [restartedMain] .s.s.UserDetailsServiceAutoConfiguration : 

Using generated security password: 326c1ab5-ce41-40bc-bd6c-f9f469a9ed61

This generated password is for development use only. Your security configuration must be updated before running your application in production.

2025-11-03T11:36:19.374+07:00  INFO 7556 --- [anthengaudio] [restartedMain] r$InitializeUserDetailsManagerConfigurer : Global AuthenticationManager configured with UserDetailsService bean with name inMemoryUserDetailsManager
2025-11-03T11:36:19.581+07:00  INFO 7556 --- [anthengaudio] [restartedMain] o.s.b.d.a.OptionalLiveReloadServer       : LiveReload server is running on port 35729
2025-11-03T11:36:19.633+07:00  INFO 7556 --- [anthengaudio] [restartedMain] o.s.b.w.embedded.tomcat.TomcatWebServer  : Tomcat started on port 8080 (http) with context path '/api'
2025-11-03T11:36:19.648+07:00  INFO 7556 --- [anthengaudio] [restartedMain] c.a.backend.BackendApplication           : Started BackendApplication in 4.001 seconds (process running for 4.452)
2025-11-03T11:36:24.508+07:00  INFO 7556 --- [anthengaudio] [http-nio-8080-exec-2] o.a.c.c.C.[Tomcat].[localhost].[/api]    : Initializing Spring DispatcherServlet 'dispatcherServlet'
2025-11-03T11:36:24.509+07:00  INFO 7556 --- [anthengaudio] [http-nio-8080-exec-2] o.s.web.servlet.DispatcherServlet        : Initializing Servlet 'dispatcherServlet'
2025-11-03T11:36:24.510+07:00  INFO 7556 --- [anthengaudio] [http-nio-8080-exec-2] o.s.web.servlet.DispatcherServlet        : Completed initialization in 1 ms
2025-11-03T11:36:55.583+07:00  INFO 7556 --- [anthengaudio] [File Watcher] rtingClassPathChangeChangedEventListener : Restarting due to 1 class path change (0 additions, 0 deletions, 1 modification)
2025-11-03T11:36:55.588+07:00  INFO 7556 --- [anthengaudio] [Thread-5] o.s.b.w.e.tomcat.GracefulShutdown        : Commencing graceful shutdown. Waiting for active requests to complete
2025-11-03T11:36:55.697+07:00  INFO 7556 --- [anthengaudio] [tomcat-shutdown] o.s.b.w.e.tomcat.GracefulShutdown        : Graceful shutdown complete
